irun(64): 15.20-s086: (c) Copyright 1995-2020 Cadence Design Systems, Inc.
TOOL:	irun(64)	15.20-s086: Started on Jun 09, 2026 at 11:35:22 IST
irun
	alu.v
	alu_tb.v
	-access +rwc
	-gui
		Caching library 'worklib' ....... Done
	Elaborating the design hierarchy:
	Top level design units:
		alu_tb
	Building instance overlay tables: .................... Done
	Building instance specific data structures.
	Loading native compiled code:     .................... Done
	Design hierarchy summary:
		             Instances  Unique
		Modules:             2       2
		Registers:           4       4
		Vectored wires:      4       -
		Always blocks:       1       1
		Initial blocks:      1       1
		Pseudo assignments:  3       3
	Writing initial simulation snapshot: worklib.alu_tb:v

-------------------------------------
Relinquished control to SimVision...
ncsim> 
ncsim> source /home/install/INCISIVE152/tools/inca/files/ncsimrc
ncsim> database -open waves -into waves.shm -default
Created default SHM database waves
ncsim> probe -create -shm alu_tb.a alu_tb.b alu_tb.c alu_tb.y
Created probe 1
ncsim> run
ncsim: *W,RNQUIE: Simulation is complete.
ncsim> ...Regained control from SimVision
-------------------------------------
TOOL:	irun(64)	15.20-s086: Exiting on Jun 09, 2026 at 11:57:03 IST  (total: 00:21:41)
