**INFO: Starting Blocking QThread with 1 CPU
   ____________________________________________________________________
__/ message from Blocking QThread
*** QThread MetricCollect [begin] (IncrReplace #1 / place_opt_design #3) : mem = 0.6M
###############################################################
#  Generated by:      Cadence Innovus 23.11-s109_1
#  OS:                Linux x86_64(Host ID cadence)
#  Generated on:      Wed Jun 24 09:15:10 2026
#  Design:            count8
#  Command:           optDesign -preCTS
###############################################################

REPORT ANALYSIS SUMMARY (View:worst_case) (EL:Setup)
=========================================================================================================================================================================================================

GroupType:*
=========================================================================================================================================================================================================

         All                             IN2REG                          IN2OUT                           REG2REG                              REG2OUT
    -----------------------------------------------------------------------------------------------------------------------------------------------------------------------------------------------------  
     WNS:TNS:#VIO                     WNS:TNS:#VIO                     WNS:TNS:#VIO                     WNS:TNS:#VIO                     WNS:TNS:#VIO                     FromClk->ToClk                   
    -----------------------------------------------------------------------------------------------------------------------------------------------------------------------------------------------------  
    -0.005:-0.013:3                  0.000:0.000:0                    0.000:0.000:0                    -0.005:-0.013:3                  0.000:0.000:0                    *->*
    -----------------------------------------------------------------------------------------------------------------------------------------------------------------------------------------------------
Ending "set_metric_timing_analysis_summary" (total cpu=0:00:00.1, real=0:00:00.0, peak res=2760.3M, current mem=2177.5M)
Ending "get_summary_setup_timing" (total cpu=0:00:00.1, real=0:00:00.0, peak res=2760.3M, current mem=2178.9M)
*** QThread MetricCollect [finish] (IncrReplace #1 / place_opt_design #3) : cpu/real = 0:00:00.3/0:00:00.3 (1.0), mem = 0.6M
_______________________________________________________________________
