============================================================
  Generated by:           Genus(TM) Synthesis Solution 21.14-s082_1
  Generated on:           Jun 24 2026  02:22:26 pm
  Module:                 alu
  Operating conditions:   slow (balanced_tree)
  Wireload mode:          enclosed
  Area mode:              timing library
============================================================


Path 1: VIOLATED (-198 ps) Setup Check with Pin y_reg[5]/CK->D
          Group: clk
     Startpoint: (R) a[2]
          Clock: (R) clk
       Endpoint: (R) y_reg[5]/D
          Clock: (R) clk

                     Capture       Launch     
        Clock Edge:+    1000            0     
        Drv Adjust:+       0            0     
       Src Latency:+       0            0     
       Net Latency:+       0 (I)        0 (I) 
           Arrival:=    1000            0     
                                              
             Setup:-     122                  
       Uncertainty:-      10                  
     Required Time:=     868                  
      Launch Clock:-       0                  
       Input Delay:-     400                  
         Data Path:-     666                  
             Slack:=    -198                  

Exceptions/Constraints:
  input_delay             400             constraints_aluu.sdc_line_5_1_1 

#----------------------------------------------------------------------------------------
# Timing Point   Flags   Arc   Edge   Cell     Fanout  Load Trans Delay Arrival Instance 
#                                                      (fF)  (ps)  (ps)   (ps)  Location 
#----------------------------------------------------------------------------------------
  a[2]           -       -     R     (arrival)     25 257.6     0     0     400    (-,-) 
  g38640/Y       -       A->Y  F     NAND2X8        1  10.9    41    41     441    (-,-) 
  g39184/Y       -       B->Y  R     NOR2X4         1   5.3    47    50     492    (-,-) 
  g39182/Y       -       B->Y  F     NAND2X2        1   5.3    58    58     549    (-,-) 
  g39180/Y       -       B->Y  R     NAND2X2        2   8.2    52    57     606    (-,-) 
  g216/Y         -       B->Y  F     NOR2X1         1   5.9    58    55     662    (-,-) 
  g64/Y          -       A->Y  R     NOR3X2         3   6.0   122   130     792    (-,-) 
  g38141/Y       -       A->Y  F     CLKINVX1       1   2.8    52    48     840    (-,-) 
  g1071/Y        -       B->Y  R     NAND2X1        2   3.4    53    52     892    (-,-) 
  g39169/Y       -       C->Y  F     NAND3XL        1   1.5   104    90     982    (-,-) 
  g39168/Y       -       A->Y  R     NAND3XL        1   2.3    80    84    1066    (-,-) 
  y_reg[5]/D     <<<     -     R     DFFRHQX4       1     -     -     0    1066    (-,-) 
#----------------------------------------------------------------------------------------

