============================================================
  Generated by:           Genus(TM) Synthesis Solution 21.14-s082_1
  Generated on:           Jun 24 2026  02:22:26 pm
  Module:                 alu
  Operating conditions:   slow (balanced_tree)
  Wireload mode:          enclosed
  Area mode:              timing library
============================================================

                               
   Gate    Instances    Area   Library 
---------------------------------------
AND2XL             1     4.541    slow 
AOI21X1           16    72.662    slow 
AOI21X2            5    41.630    slow 
AOI21X4            1    14.381    slow 
AOI221XL           1     7.569    slow 
AOI22X1            3    18.166    slow 
AOI22X2            2    19.679    slow 
AOI22X4            1    18.923    slow 
AOI22XL            3    18.166    slow 
AOI2BB1X1          1     6.055    slow 
AOI31X4            1    20.436    slow 
AOI32X1            3    20.436    slow 
AOI33XL            1     7.569    slow 
BUFX6              1     9.083    slow 
CLKINVX1          18    40.873    slow 
CLKINVX12          5    60.552    slow 
CLKINVX2          10    37.845    slow 
CLKINVX20          4    78.718    slow 
CLKINVX3           5    22.707    slow 
CLKINVX4           1     6.055    slow 
CLKINVX6           2    13.624    slow 
CLKINVX8           2    18.166    slow 
DFFRHQX1           4    81.745    slow 
DFFRHQX4           4   102.938    slow 
INVX1              3     6.812    slow 
INVXL             13    29.519    slow 
MXI2X1             2    13.624    slow 
NAND2BX1           2     9.083    slow 
NAND2BXL           1     4.541    slow 
NAND2X1            6    22.707    slow 
NAND2X2           20   121.104    slow 
NAND2X4           29   285.351    slow 
NAND2X6            7   100.668    slow 
NAND2X8            6    99.911    slow 
NAND2XL           14    42.386    slow 
NAND3BX1           1     6.055    slow 
NAND3X1            2     9.083    slow 
NAND3X2            1     8.326    slow 
NAND3X4            1    14.381    slow 
NAND3X6            1    21.193    slow 
NAND3X8            1    24.221    slow 
NAND3XL            5    22.707    slow 
NAND4X1            2    12.110    slow 
NAND4X4            1    20.436    slow 
NAND4X6            1    23.464    slow 
NAND4XL            2    10.597    slow 
NOR2BX1            1     4.541    slow 
NOR2BXL            1     4.541    slow 
NOR2X1             9    34.060    slow 
NOR2X2            16    96.883    slow 
NOR2X4            14   137.756    slow 
NOR2X8             5    83.259    slow 
NOR2XL            18    54.497    slow 
NOR3X1             5    22.707    slow 
NOR3X2             2    18.166    slow 
NOR3XL             1     4.541    slow 
OA21X1             1     6.812    slow 
OA22X1             1     7.569    slow 
OAI211X1           5    26.492    slow 
OAI21X1            5    22.707    slow 
OAI21X2            7    58.281    slow 
OAI21X4            1    14.381    slow 
OAI21XL            3    13.624    slow 
OAI221X1           3    22.707    slow 
OAI221XL           1     7.569    slow 
OAI22X1            2    12.110    slow 
OAI22X4            1    20.436    slow 
OAI22XL            2    12.110    slow 
OAI2BB1X1          4    21.193    slow 
OAI32X1            1     6.812    slow 
OR2X1              2     9.083    slow 
OR2XL              2     9.083    slow 
XOR3XL             1    22.707    slow 
---------------------------------------
total            330  2405.428         


                                         
     Type      Instances   Area   Area % 
-----------------------------------------
sequential             8  184.684    7.7 
inverter              63  314.870   13.1 
buffer                 1    9.083    0.4 
logic                258 1896.791   78.9 
physical_cells         0    0.000    0.0 
-----------------------------------------
total                330 2405.428  100.0 

