============================================================
  Generated by:           Genus(TM) Synthesis Solution 21.14-s082_1
  Generated on:           Jun 19 2026  09:17:23 am
  Module:                 count8
  Operating conditions:   slow (balanced_tree)
  Wireload mode:          enclosed
  Area mode:              timing library
============================================================


Path 1: MET (2 ps) Setup Check with Pin counter_u_d_reg[5]/CK->D
          Group: clk
     Startpoint: (R) counter_u_d_reg[2]/CK
          Clock: (R) clk
       Endpoint: (R) counter_u_d_reg[5]/D
          Clock: (R) clk

                     Capture       Launch     
        Clock Edge:+    1000            0     
       Src Latency:+       0            0     
       Net Latency:+       0 (I)        0 (I) 
           Arrival:=    1000            0     
                                              
             Setup:-     133                  
       Uncertainty:-      10                  
     Required Time:=     857                  
      Launch Clock:-       0                  
         Data Path:-     855                  
             Slack:=       2                  

#----------------------------------------------------------------------------------------------
#     Timing Point      Flags   Arc   Edge   Cell     Fanout Load Trans Delay Arrival Instance 
#                                                            (fF)  (ps)  (ps)   (ps)  Location 
#----------------------------------------------------------------------------------------------
  counter_u_d_reg[2]/CK -       -     R     (arrival)      8    -   100     0       0    (-,-) 
  counter_u_d_reg[2]/Q  -       CK->Q R     DFFRX2         5 11.7   101   409     409    (-,-) 
  g4831__2802/Y         -       B->Y  F     NAND2X1        2  8.2   134   122     532    (-,-) 
  g4809__2802/Y         -       A0->Y R     OAI31X1        1  3.7   167   174     706    (-,-) 
  g2/Y                  -       B->Y  R     XOR2XL         1  2.3    67   150     855    (-,-) 
  counter_u_d_reg[5]/D  <<<     -     R     DFFRHQX1       1    -     -     0     855    (-,-) 
#----------------------------------------------------------------------------------------------

