============================================================
  Generated by:           Genus(TM) Synthesis Solution 21.14-s082_1
  Generated on:           Jun 19 2026  09:17:23 am
  Module:                 count8
  Operating conditions:   slow (balanced_tree)
  Wireload mode:          enclosed
  Area mode:              timing library
============================================================

                             
  Gate    Instances   Area   Library 
-------------------------------------
AND2X1            2    9.083    slow 
AOI211X1          1    5.298    slow 
AOI31X1           1    6.055    slow 
AOI32X1           2   13.624    slow 
AOI33X1           1    8.326    slow 
CLKBUFX2          1    4.541    slow 
CLKINVX1          5   11.354    slow 
DFFRHQX1          3   61.309    slow 
DFFRHQX2          1   21.193    slow 
DFFRHQX4          3   77.204    slow 
DFFRX2            1   22.707    slow 
INVX1             1    2.271    slow 
INVXL             2    4.541    slow 
MXI2X1            1    6.812    slow 
MXI2XL            5   30.276    slow 
NAND2X1           3   11.354    slow 
NAND2XL           3    9.083    slow 
NAND3X1           3   13.624    slow 
NAND4X1           1    6.055    slow 
NOR2X1            6   22.707    slow 
NOR2XL            5   15.138    slow 
NOR3X1            1    4.541    slow 
OAI31X1           1    6.055    slow 
OAI32X2           1   13.624    slow 
XOR2XL            2   16.652    slow 
-------------------------------------
total            56  403.428         


                                        
     Type      Instances   Area  Area % 
----------------------------------------
sequential             8 182.413   45.2 
inverter               8  18.166    4.5 
buffer                 1   4.541    1.1 
logic                 39 198.308   49.2 
physical_cells         0   0.000    0.0 
----------------------------------------
total                 56 403.428  100.0 

