============================================================
  Generated by:           Genus(TM) Synthesis Solution 21.14-s082_1
  Generated on:           Jul 01 2026  01:12:51 pm
  Module:                 async_fifo
  Operating conditions:   PVT_0P9V_125C (balanced_tree)
  Wireload mode:          enclosed
  Area mode:              timing library
============================================================

                               
   Gate    Instances    Area       Library    
----------------------------------------------
AND2XL             1     1.368    slow_vdd1v0 
AOI211X1           1     2.394    slow_vdd1v0 
AOI211XL           6    12.312    slow_vdd1v0 
AOI21X1            8    13.680    slow_vdd1v0 
AOI21XL           18    30.780    slow_vdd1v0 
AOI22X1           17    34.884    slow_vdd1v0 
AOI22XL           24    49.248    slow_vdd1v0 
AOI2BB1X1          1     2.052    slow_vdd1v0 
AOI2BB1XL          3     6.156    slow_vdd1v0 
AOI31X1            1     2.052    slow_vdd1v0 
BUFX3              1     2.052    slow_vdd1v0 
BUFX6              1     3.078    slow_vdd1v0 
CLKAND2X2          2     4.104    slow_vdd1v0 
CLKAND2X3          1     3.078    slow_vdd1v0 
CLKINVX6           1     2.394    slow_vdd1v0 
CLKXOR2X1          1     2.736    slow_vdd1v0 
DFFRHQX1          31   190.836    slow_vdd1v0 
DFFRX1             4    27.360    slow_vdd1v0 
DFFRXL             1     8.550    slow_vdd1v0 
INVX1             23    15.732    slow_vdd1v0 
INVX2              5     5.130    slow_vdd1v0 
INVX3              5     6.840    slow_vdd1v0 
INVXL             10     6.840    slow_vdd1v0 
MXI2XL             2     4.788    slow_vdd1v0 
NAND2BX1           2     2.736    slow_vdd1v0 
NAND2BX2           1     2.394    slow_vdd1v0 
NAND2BXL           1     1.368    slow_vdd1v0 
NAND2X1           21    21.546    slow_vdd1v0 
NAND2X2            4     6.840    slow_vdd1v0 
NAND2X4            1     3.146    slow_vdd1v0 
NAND2XL           11    11.286    slow_vdd1v0 
NAND3BXL           2     3.420    slow_vdd1v0 
NAND3X1            3     5.130    slow_vdd1v0 
NAND3XL            5     8.550    slow_vdd1v0 
NOR2BX1            6     8.208    slow_vdd1v0 
NOR2X1            25    25.650    slow_vdd1v0 
NOR2X2             4     6.840    slow_vdd1v0 
NOR2X6             2     8.208    slow_vdd1v0 
NOR2XL            16    16.416    slow_vdd1v0 
NOR3BX1            4     8.208    slow_vdd1v0 
NOR3BXL            9    18.468    slow_vdd1v0 
NOR3X1             2     3.420    slow_vdd1v0 
OAI21X1            2     3.420    slow_vdd1v0 
OAI22XL            1     2.052    slow_vdd1v0 
OAI2BB1X1          9    15.390    slow_vdd1v0 
OAI2BB1XL          7    14.364    slow_vdd1v0 
OR2X1              3     4.104    slow_vdd1v0 
OR2XL              3     4.104    slow_vdd1v0 
SDFFQX1          128   963.072    slow_vdd1v0 
XNOR2X1           10    23.940    slow_vdd1v0 
XOR2XL             2     5.472    slow_vdd1v0 
----------------------------------------------
total            452  1636.196                


                                         
     Type      Instances   Area   Area % 
-----------------------------------------
sequential           164 1189.818   72.7 
inverter              44   36.936    2.3 
buffer                 2    5.130    0.3 
logic                242  404.312   24.7 
physical_cells         0    0.000    0.0 
-----------------------------------------
total                452 1636.196  100.0 

