============================================================
  Generated by:           Genus(TM) Synthesis Solution 21.14-s082_1
  Generated on:           Jul 01 2026  01:12:51 pm
  Module:                 async_fifo
  Operating conditions:   PVT_0P9V_125C (balanced_tree)
  Wireload mode:          enclosed
  Area mode:              timing library
============================================================


Path 1: VIOLATED (-205 ps) Late External Delay Assertion at pin rdata[6]
          Group: rclk
     Startpoint: (R) rbin_reg[3]/CK
          Clock: (R) rclk
       Endpoint: (F) rdata[6]
          Clock: (R) rclk

                     Capture       Launch     
        Clock Edge:+    1000            0     
       Src Latency:+       0            0     
       Net Latency:+       0 (I)        0 (I) 
           Arrival:=    1000            0     
                                              
      Output Delay:-     400                  
     Required Time:=     600                  
      Launch Clock:-       0                  
         Data Path:-     805                  
             Slack:=    -205                  

Exceptions/Constraints:
  output_delay             400             fifo_constraints.sdc_line_17_7_1 

#---------------------------------------------------------------------------------------
# Timing Point   Flags   Arc   Edge   Cell     Fanout Load Trans Delay Arrival Instance 
#                                                     (fF)  (ps)  (ps)   (ps)  Location 
#---------------------------------------------------------------------------------------
  rbin_reg[3]/CK -       -     R     (arrival)     18    -   100     0       0    (-,-) 
  rbin_reg[3]/Q  -       CK->Q R     DFFRHQX1       4  1.6    47   297     297    (-,-) 
  g25/Y          -       A->Y  F     NOR2X1         2  0.9    49    60     357    (-,-) 
  g24/Y          -       A->Y  F     BUFX6         26  6.4    46    92     448    (-,-) 
  g12717__6131/Y -       A1->Y R     AOI22XL        1  0.2    68    89     537    (-,-) 
  g12633__5526/Y -       A1->Y F     AOI21XL        1  0.2    77   104     641    (-,-) 
  g13058/Y       -       A->Y  R     NOR2XL         1  0.2    46    80     721    (-,-) 
  g80/Y          -       C->Y  F     NAND3XL        1  0.0    82    84     805    (-,-) 
  rdata[6]       <<<     -     F     (port)         -    -     -     0     805    (-,-) 
#---------------------------------------------------------------------------------------

