============================================================
  Generated by:           Genus(TM) Synthesis Solution 21.14-s082_1
  Generated on:           Jun 22 2026  11:06:26 am
  Module:                 mealy
  Operating conditions:   slow (balanced_tree)
  Wireload mode:          enclosed
  Area mode:              timing library
============================================================

                             
  Gate    Instances   Area   Library 
-------------------------------------
AOI21X1           2    9.083    slow 
CLKINVX1          2    4.541    slow 
CLKINVX2          3   11.354    slow 
DFFRHQX1          1   20.436    slow 
DFFRHQX4          2   51.469    slow 
DFFRX2            1   22.707    slow 
DFFRX4            1   29.519    slow 
DFFRXL            1   21.950    slow 
INVX1             2    4.541    slow 
INVX2             1    3.784    slow 
INVXL             4    9.083    slow 
NAND2X1           1    3.784    slow 
NAND2XL           2    6.055    slow 
NAND4X1           1    6.055    slow 
NOR2X1            1    3.784    slow 
NOR3X1            1    4.541    slow 
NOR3X2            1    9.083    slow 
NOR4X1            1    6.055    slow 
OAI21XL           1    4.541    slow 
-------------------------------------
total            29  232.368         


                                        
     Type      Instances   Area  Area % 
----------------------------------------
sequential             6 146.082   62.9 
inverter              12  33.304   14.3 
logic                 11  52.983   22.8 
physical_cells         0   0.000    0.0 
----------------------------------------
total                 29 232.368  100.0 

