============================================================
  Generated by:           Genus(TM) Synthesis Solution 21.14-s082_1
  Generated on:           Jun 22 2026  11:06:25 am
  Module:                 mealy
  Operating conditions:   slow (balanced_tree)
  Wireload mode:          enclosed
  Area mode:              timing library
============================================================


Path 1: VIOLATED (-241 ps) Setup Check with Pin dout_1100_reg/CK->D
          Group: clk
     Startpoint: (R) state_reg[0]/CK
          Clock: (R) clk
       Endpoint: (R) dout_1100_reg/D
          Clock: (R) clk

                     Capture       Launch     
        Clock Edge:+     500            0     
       Src Latency:+       0            0     
       Net Latency:+       0 (I)        0 (I) 
           Arrival:=     500            0     
                                              
             Setup:-     143                  
       Uncertainty:-       5                  
     Required Time:=     352                  
      Launch Clock:-       0                  
         Data Path:-     592                  
             Slack:=    -241                  

#----------------------------------------------------------------------------------------
#  Timing Point   Flags   Arc   Edge   Cell     Fanout Load Trans Delay Arrival Instance 
#                                                      (fF)  (ps)  (ps)   (ps)  Location 
#----------------------------------------------------------------------------------------
  state_reg[0]/CK -       -     R     (arrival)      6    -    50     0       0    (-,-) 
  state_reg[0]/Q  -       CK->Q R     DFFRX4         4  9.7    71   399     399    (-,-) 
  g714__6783/Y    -       C->Y  F     NAND4X1        1  1.7   124   120     519    (-,-) 
  g710__5107/Y    -       B0->Y R     OAI21XL        1  1.7   100    73     592    (-,-) 
  dout_1100_reg/D -       -     R     DFFRX2         1    -     -     0     592    (-,-) 
#----------------------------------------------------------------------------------------

